Invalid quoted string '' encountered while parsing (tag "CFIF" with attributes url.warehouse=). 
Invalid quoted string '' encountered while parsing (tag "CFIF" with attributes url.warehouse=). 
Invalid quoted string '' encountered while parsing (tag "CFIF" with attributes url.warehouse=). 
Invalid quoted string '' encountered while parsing (tag "CFIF" with attributes url.warehouse=). 
Invalid quoted string 'off' encountered while parsing (tag "CFIF" with attributes CGI.HTTPS=). 
Invalid quoted string 'off' encountered while parsing (tag "CFIF" with attributes CGI.HTTPS=). 
Invalid quoted string 'off' encountered while parsing (tag "CFIF" with attributes CGI.HTTPS=). 
Invalid quoted string 'off' encountered while parsing (tag "CFIF" with attributes CGI.HTTPS=). 
Invalid quoted string 'TIMESTAMP' encountered while parsing (tag "CFIF" with attributes). 
Invalid quoted string 'TIMESTAMP' encountered while parsing (tag "CFIF" with attributes). 
End of file encountered while parsing comment. 
Invalid quoted string '__.__' encountered while parsing (tag "CFSET" with attributes lable=NumberFormat(Total/1024,). 
Invalid number "0" encountered while parsing (tag "CFELSEIF" with attributes StoreCategory.recordcount=). 
Invalid number "0" encountered while parsing (tag "CFELSEIF" with attributes StoreCategory.recordcount=). 
Invalid number "0" encountered while parsing (tag "CFELSEIF" with attributes StoreCategory.recordcount=). 
Invalid number "0" encountered while parsing (tag "CFELSEIF" with attributes StoreCategory.recordcount=). 
Invalid number "0" encountered while parsing (tag "CFIF" with attributes StoreCategory.recordcount=). 
Invalid number "0" encountered while parsing (tag "CFIF" with attributes StoreCategory.recordcount=). 
Invalid number "0" encountered while parsing (tag "CFELSEIF" with attributes StoreCategory.recordcount=). 
Invalid number "0" encountered while parsing (tag "CFELSEIF" with attributes StoreCategory.recordcount=). 
Invalid quoted string 'Service' encountered while parsing (tag "CFELSEIF" with attributes getLines.ItemClass=). 
Invalid quoted string 'Service' encountered while parsing (tag "CFELSEIF" with attributes getLines.ItemClass=). 
Invalid quoted string 'Service' encountered while parsing (tag "CFIF" with attributes get.ItemClass=). 
