Invalid character (&) encountered while parsing (tag "CFSET" with attributes ItemsList=ItemsList). 
Invalid character (&) encountered while parsing (tag "CFSET" with attributes ItemsList=ItemsList). 
Invalid character (&) encountered while parsing (tag "CFSET" with attributes ItemsList=ItemsList). 
Invalid character (&) encountered while parsing (tag "CFSET" with attributes ItemsList=ItemsList). 
Invalid character (&) encountered while parsing (tag "CFSET" with attributes ItemsList=ItemsList). 
Invalid character (&) encountered while parsing (tag "CFSET" with attributes ItemsList=ItemsList). 
Invalid character (&) encountered while parsing (tag "CFSET" with attributes ItemsList=ItemsList). 
Invalid character (&) encountered while parsing (tag "CFSET" with attributes ItemsList=ItemsList). 
Invalid character (&) encountered while parsing (tag "CFSET" with attributes ItemsList=ItemsList). 
Invalid character (+) encountered while parsing (tag "CFSET" with attributes ItemCount=ItemCount). 
Invalid quoted string 'Form.inherit' encountered while parsing (tag "CFIF" with attributes). 
Invalid quoted string 'Form.inherit' encountered while parsing (tag "CFIF" with attributes). 
Invalid character (&) encountered while parsing (tag "CFSET" with attributes clList=Form.Crit5_Value). 
Invalid character (&) encountered while parsing (tag "CFSET" with attributes client.search=criteria). 
Invalid character (&) encountered while parsing (tag "CFSET" with attributes client.search=criteria). 
Invalid character (&) encountered while parsing (tag "CFSET" with attributes client.search=criteria). 
Invalid character (&) encountered while parsing (tag "CFSET" with attributes client.search=criteria). 
Invalid character (&) encountered while parsing (tag "CFSET" with attributes client.search=criteria). 
Invalid character (&) encountered while parsing (tag "CFSET" with attributes client.search=criteria). 
Invalid character (&) encountered while parsing (tag "CFSET" with attributes client.search=criteria). 
Invalid character (&) encountered while parsing (tag "CFSET" with attributes client.search=criteria). 
Invalid character (&) encountered while parsing (tag "CFSET" with attributes client.search=criteria). 
Invalid character (&) encountered while parsing (tag "CFSET" with attributes client.search=criteria). 
Invalid quoted string '0' encountered while parsing (tag "CFIF" with attributes Item.Operational=). 
Invalid quoted string '1' encountered while parsing (tag "CFIF" with attributes Item.Operational=). 
Invalid quoted string '1' encountered while parsing (tag "CFIF" with attributes Item.Operational=). 
Invalid quoted string '1' encountered while parsing (tag "CFIF" with attributes Item.Operational=). 
