Invalid character (+) encountered while parsing (tag "CFSET" with attributes cnt=cnt). 
Invalid quoted string '' encountered while parsing (tag "CFSET" with attributes idMission=replace(mission,). 
Invalid character (&) encountered while parsing (tag "CFSET" with attributes vMissionList=mission). 
Invalid character (&) encountered while parsing (tag "CFSET" with attributes vMissionList=vMissionList). 
Invalid number "0" encountered while parsing (tag "CFIF" with attributes get.ProgressCheckbox=). 
Invalid number "0" encountered while parsing (tag "CFIF" with attributes get.ProgressCheckbox=). 
Invalid number "0" encountered while parsing (tag "CFIF" with attributes get.ProgressCheckbox=). 
Invalid number "0" encountered while parsing (tag "CFIF" with attributes get.ProgressCheckbox=). 
Invalid number "0" encountered while parsing (tag "CFIF" with attributes get.ProgressCheckbox=). 
Invalid number "0" encountered while parsing (tag "CFIF" with attributes get.ProgressCheckbox=). 
Invalid quoted string '0' encountered while parsing (tag "CFIF" with attributes get.ProgressCheckbox=). 
Invalid number "0" encountered while parsing (tag "CFIF" with attributes get.ResetOnUpdate=). 
Invalid quoted string '0' encountered while parsing (tag "CFIF" with attributes get.ResetOnUpdate=). 
Invalid quoted string '0' encountered while parsing (tag "CFIF" with attributes get.Obligatory=). 
Invalid quoted string '0' encountered while parsing (tag "CFIF" with attributes get.Obligatory=). 
Invalid quoted string '1' encountered while parsing (tag "CFIF" with attributes get.Operational=). 
Invalid quoted string '' encountered while parsing (tag "CFSET" with attributes ownerId=replace(owner,). 
Invalid quoted string 'selfservice' encountered while parsing (tag "CFIF" with attributes lcase(url.module)=). 
Invalid quoted string 'selfservice' encountered while parsing (tag "CFIF" with attributes lcase(url.module)=). 
Invalid quoted string 'selfservice' encountered while parsing (tag "CFIF" with attributes lcase(url.module)=). 
Invalid quoted string 'selfservice' encountered while parsing (tag "CFIF" with attributes lcase(url.module)=). 
Invalid quoted string 'selfservice' encountered while parsing (tag "CFIF" with attributes lcase(url.module)=). 
Invalid quoted string 'selfservice' encountered while parsing (tag "CFIF" with attributes systemmodule=). 
Invalid quoted string 'selfservice' encountered while parsing (tag "CFIF" with attributes systemmodule=). 
Invalid quoted string 'selfservice' encountered while parsing (tag "CFIF" with attributes systemmodule=). 
Invalid quoted string 'main' encountered while parsing (tag "CFIF" with attributes lcase(url.class)=). 
