Invalid character (&) encountered while parsing (tag "CFSET" with attributes vValidateBrowserArguments=vValidateBrowserArguments). 
Invalid quoted string 'Mission' encountered while parsing (tag "CFIF" with attributes Main.MenuClass=). 
Invalid quoted string 'Mission' encountered while parsing (tag "CFIF" with attributes Main.MenuClass=). 
Invalid quoted string 'Mission' encountered while parsing (tag "CFIF" with attributes Main.MenuClass=). 
Invalid quoted string 'Mission' encountered while parsing (tag "CFIF" with attributes Main.MenuClass=). 
Invalid quoted string 'Mission' encountered while parsing (tag "CFIF" with attributes Main.MenuClass=). 
Invalid quoted string 'Mission' encountered while parsing (tag "CFIF" with attributes Main.MenuClass=). 
Invalid quoted string 'Mission' encountered while parsing (tag "CFIF" with attributes Main.MenuClass=). 
Invalid quoted string 'Mission' encountered while parsing (tag "CFIF" with attributes Main.MenuClass=). 
Invalid quoted string '' encountered while parsing (tag "CFIF" with attributes qFAQ.FunctionDirectory=). 
Invalid quoted string '' encountered while parsing (tag "CFIF" with attributes qFAQ.FunctionDirectory=). 
Invalid quoted string '' encountered while parsing (tag "CFIF" with attributes qFAQ.FunctionDirectory=). 
Invalid quoted string '' encountered while parsing (tag "CFIF" with attributes qFAQ.FunctionDirectory=). 
Invalid quoted string 'BeforeLogout' encountered while parsing (tag "CFIF" with attributes functionName=). 
Invalid quoted string 'BeforeLogout' encountered while parsing (tag "CFIF" with attributes functionName=). 
Invalid quoted string 'BeforeLogout' encountered while parsing (tag "CFIF" with attributes functionName=). 
Invalid number "1" encountered while parsing (tag "CFIF" with attributes vShowPreferences=). 
Invalid number "1" encountered while parsing (tag "CFIF" with attributes vShowPreferences=). 
Invalid number "1" encountered while parsing (tag "CFIF" with attributes vShowPreferences=). 
Invalid number "1" encountered while parsing (tag "CFIF" with attributes vShowPreferences=). 
Invalid number "1" encountered while parsing (tag "CFIF" with attributes vShowPreferences=). 
Invalid number "1" encountered while parsing (tag "CFIF" with attributes vShowPreferences=). 
Invalid number "1" encountered while parsing (tag "CFIF" with attributes vShowPreferences=). 
Invalid number "1" encountered while parsing (tag "CFIF" with attributes (qShowPublicInformation.recordCount=). 
Invalid number "1" encountered while parsing (tag "CFIF" with attributes (qShowPublicInformation.recordCount=). 
Invalid quoted string '1' encountered while parsing (tag "CFIF" with attributes Exist.Disabled=). 
Invalid quoted string '1' encountered while parsing (tag "CFIF" with attributes Exist.Disabled=). 
Invalid quoted string '1' encountered while parsing (tag "CFIF" with attributes Exist.Disabled=). 
Invalid quoted string '1' encountered while parsing (tag "CFIF" with attributes Exist.Disabled=). 
Invalid quoted string '1' encountered while parsing (tag "CFELSEIF" with attributes Exist.recordcount=). 
Invalid number "1" encountered while parsing (tag "CFIF" with attributes DefaultLanguage.recordCount=). 
Invalid number "1" encountered while parsing (tag "CFIF" with attributes DefaultLanguage.recordCount=). 
Invalid number "1" encountered while parsing (tag "CFIF" with attributes DefaultLanguage.recordCount=). 
Invalid number "1" encountered while parsing (tag "CFIF" with attributes DefaultLanguage.recordCount=). 
Invalid quoted string 'login' encountered while parsing (tag "CFIF" with attributes (url.mode=). 
Invalid quoted string 'login' encountered while parsing (tag "CFIF" with attributes url.mode=). 
Invalid quoted string 'login' encountered while parsing (tag "CFIF" with attributes url.mode=). 
Invalid quoted string 'login' encountered while parsing (tag "CFIF" with attributes url.mode=). 
Invalid quoted string 'login' encountered while parsing (tag "CFIF" with attributes url.mode=). 
