End of file encountered while parsing comment. 
End of file encountered while parsing comment. 
End of file encountered while parsing comment. 
End of file encountered while parsing comment. 
End of file encountered while parsing comment. 
End of file encountered while parsing comment. 
End of file encountered while parsing comment. 
End of file encountered while parsing comment. 
End of file encountered while parsing comment. 
End of file encountered while parsing comment. 
End of file encountered while parsing comment. 
Invalid number "0" encountered while parsing (tag "CFIF" with attributes TextAreaList.RecordCount=). 
Invalid quoted string '' encountered while parsing (tag "CFIF" with attributes Object.ObjectKeyValue1=). 
Invalid quoted string '' encountered while parsing (tag "CFIF" with attributes Object.ObjectKeyValue1=). 
Invalid quoted string '' encountered while parsing (tag "CFIF" with attributes Object.ObjectKeyValue1=). 
Invalid quoted string '' encountered while parsing (tag "CFIF" with attributes Object.ObjectKeyValue1=). 
Invalid number "0" encountered while parsing (tag "CFIF" with attributes Profile.RecordCOUnt=). 
Invalid number "0" encountered while parsing (tag "CFIF" with attributes Profile.RecordCOUnt=). 
Invalid number "0" encountered while parsing (tag "CFIF" with attributes Profile.RecordCOUnt=). 
Invalid number "0" encountered while parsing (tag "CFIF" with attributes Profile.RecordCount=). 
