Invalid character (-) encountered while parsing (tag "CFSET" with attributes min=(Abs(hr)). 
Invalid character (-) encountered while parsing (tag "CFSET" with attributes min=(Abs(hr)). 
Invalid character (+) encountered while parsing (tag "CFSET" with attributes next=next). 
Invalid character (-) encountered while parsing (tag "CFIF" with attributes). 
Invalid character (-) encountered while parsing (tag "CFIF" with attributes). 
Invalid character (-) encountered while parsing (tag "CFIF" with attributes). 
Invalid character (+) encountered while parsing (tag "CFSET" with attributes sch=sch). 
Invalid character (+) encountered while parsing (tag "CFSET" with attributes sch=sch). 
Invalid character (+) encountered while parsing (tag "CFSET" with attributes sch=sch). 
Invalid character (-) encountered while parsing (tag "CFIF" with attributes). 
Invalid character (-) encountered while parsing (tag "CFIF" with attributes). 
Invalid character (-) encountered while parsing (tag "CFIF" with attributes). 
Invalid character (-) encountered while parsing (tag "CFIF" with attributes). 
Invalid character (&) encountered while parsing (tag "CFSET" with attributes sch=sch). 
End of file encountered while parsing comment. 
End of file encountered while parsing comment. 
End of file encountered while parsing comment. 
End of file encountered while parsing comment. 
End of file encountered while parsing comment. 
End of file encountered while parsing comment. 
End of file encountered while parsing comment. 
End of file encountered while parsing comment. 
Invalid character (+) encountered while parsing (tag "CFSET" with attributes vDifferenceList=vDifferenceList). 
Invalid character (+) encountered while parsing (tag "CFSET" with attributes vDifferenceList=vDifferenceList). 
Invalid character (+) encountered while parsing (tag "CFSET" with attributes vDifferenceList=vDifferenceList). 
Invalid number "0" encountered while parsing (tag "CFIF" with attributes vDiff=). 
Invalid number "1" encountered while parsing (tag "CFSET" with attributes vDifferenceList=mid(vDifferenceList,). 
Invalid number "1" encountered while parsing (tag "CFSET" with attributes vDifferenceList=mid(vDifferenceList,). 
Invalid character (+) encountered while parsing (tag "CFSET" with attributes cnt=cnt). 
Invalid character (+) encountered while parsing (tag "CFSET" with attributes vDiffTotal=vDiffTotal). 
Invalid number "0" encountered while parsing (tag "CFIF" with attributes vDifferenceListAverage=). 
Invalid number "0" encountered while parsing (tag "CFIF" with attributes vDifferenceListAverage=). 
Invalid number "0" encountered while parsing (tag "CFIF" with attributes vDifferenceListAverage=). 
Invalid number "0" encountered while parsing (tag "CFIF" with attributes vDifferenceListAverage=). 
Invalid character (+) encountered while parsing (tag "CFSET" with attributes rowCount=rowCount). 
Invalid character (+) encountered while parsing (tag "CFSET" with attributes vDayList=vDayList). 
Invalid character (&) encountered while parsing (tag "CFSET" with attributes vDayList=vDayList). 
Invalid character (&) encountered while parsing (tag "CFSET" with attributes vDayList=vDayList). 
Invalid quoted string 'edit' encountered while parsing (tag "CFIF" with attributes accessmode=). 
Invalid quoted string 'edit' encountered while parsing (tag "CFIF" with attributes accessmode=). 
Invalid quoted string 'edit' encountered while parsing (tag "CFIF" with attributes accessmode=). 
Invalid quoted string 'edit' encountered while parsing (tag "CFIF" with attributes accessmode=). 
Invalid quoted string 'edit' encountered while parsing (tag "CFIF" with attributes accessmode=). 
Invalid quoted string 'edit' encountered while parsing (tag "CFIF" with attributes accessmode=). 
Invalid quoted string 'edit' encountered while parsing (tag "CFIF" with attributes accessmode=). 
Invalid quoted string 'edit' encountered while parsing (tag "CFIF" with attributes accessmode=). 
Invalid quoted string 'edit' encountered while parsing (tag "CFIF" with attributes accessmode=). 
Invalid quoted string 'edit' encountered while parsing (tag "CFIF" with attributes accessmode=). 
Invalid quoted string 'edit' encountered while parsing (tag "CFIF" with attributes accessmode=). 
Invalid quoted string 'edit' encountered while parsing (tag "CFIF" with attributes accessmode=). 
Invalid quoted string 'edit' encountered while parsing (tag "CFIF" with attributes accessmode=). 
